TN:
SF:/home/tulio/Desktop/rust-to-do-list/src/commands/mod.rs
FN:38,command_switch
FNF:1
FNDA:6,command_switch
DA:38,6
DA:39,1
DA:40,5
DA:41,1
DA:42,10
DA:44,1
DA:45,2
DA:46,3
DA:47,3
DA:48,3
DA:50,2
DA:54,2
DA:55,2
DA:58,1
DA:59,1
DA:60,4
DA:61,1
DA:64,1
DA:65,1
DA:66,1
DA:67,1
DA:68,2
DA:69,1
DA:71,1
DA:72,1
LF:25
LH:25
end_of_record
TN:
SF:/home/tulio/Desktop/rust-to-do-list/src/db/mod.rs
FN:6,connect_db
FN:18,build_db
FNF:2
FNDA:16,connect_db
FNDA:16,build_db
DA:6,16
DA:7,16
DA:8,16
DA:9,0
DA:11,16
DA:13,16
DA:15,3
DA:18,16
DA:19,16
DA:21,6
LF:10
LH:9
end_of_record
TN:
SF:/home/tulio/Desktop/rust-to-do-list/src/db/task/mod.rs
FN:11,Task::log
FN:17,build_tasks_db_table
FN:31,insert_task
FN:54,update_task_status
FN:75,read_tasks
FN:99,delete_task
FNF:6
FNDA:1,Task::log
FNDA:16,build_tasks_db_table
FNDA:6,insert_task
FNDA:1,update_task_status
FNDA:2,read_tasks
FNDA:1,delete_task
DA:11,1
DA:12,6
DA:17,16
DA:18,16
DA:29,16
DA:31,6
DA:32,14
DA:33,2
DA:34,1
DA:36,2
DA:37,2
DA:39,8
DA:40,11
DA:41,11
DA:42,3
DA:43,2
DA:44,14
DA:45,12
DA:46,14
DA:51,3
DA:54,1
DA:55,1
DA:56,1
DA:58,1
DA:59,1
DA:61,5
DA:62,1
DA:63,3
DA:64,5
DA:65,3
DA:66,6
DA:67,6
DA:68,6
DA:72,5
DA:75,2
DA:76,1
DA:78,4
DA:80,5
DA:81,7
DA:82,2
DA:83,2
DA:84,10
DA:85,11
DA:86,10
DA:91,2
DA:92,24
DA:93,12
DA:96,3
DA:99,1
DA:101,1
DA:102,1
DA:104,1
DA:105,1
DA:106,2
DA:107,2
DA:108,1
DA:109,3
DA:110,3
DA:111,3
DA:116,1
DA:117,1
DA:118,2
DA:121,2
DA:122,1
DA:127,1
DA:128,3
DA:129,1
DA:130,1
DA:132,2
DA:133,3
DA:134,3
DA:135,2
DA:136,1
DA:137,4
DA:138,4
DA:139,4
DA:144,2
LF:77
LH:77
end_of_record
TN:
SF:/home/tulio/Desktop/rust-to-do-list/src/lib.rs
FN:15,run
FNF:1
FNDA:0,run
DA:15,0
DA:16,0
DA:18,0
DA:20,0
LF:4
LH:0
end_of_record
TN:
SF:/home/tulio/Desktop/rust-to-do-list/src/main.rs
FN:3,main
FNF:1
FNDA:0,main
DA:3,0
DA:4,0
LF:2
LH:0
end_of_record
